# JRE version: OpenJDK Runtime Environment (8.0_152-b01) (build 1.8.0_152-release-1248-b01)
# Java VM: OpenJDK 64-Bit Server VM (25.152-b01 mixed mode linux-amd64 compressed oops)
Heap:
 PSYoungGen      total 385024K, used 20532K [0x00000000e0000000, 0x0000000100000000, 0x0000000100000000)
  eden space 312320K, 0% used [0x00000000e0000000,0x00000000e0000000,0x00000000f3100000)
  from space 72704K, 28% used [0x00000000f3100000,0x00000000f450d280,0x00000000f7800000)
  to   space 107520K, 0% used [0x00000000f9700000,0x00000000f9700000,0x0000000100000000)
 ParOldGen       total 608256K, used 607860K [0x00000000a0000000, 0x00000000c5200000, 0x00000000e0000000)
  object space 608256K, 99% used [0x00000000a0000000,0x00000000c519d000,0x00000000c5200000)
 Metaspace       used 733870K, capacity 762158K, committed 762352K, reserved 1726464K
  class space    used 79568K, capacity 84708K, committed 84720K, reserved 1048576K
GC Heap History (10 events):
Event: 10700.865 GC heap after
Heap after GC invocations=123 (full 8):
 PSYoungGen      total 402944K, used 59661K [0x00000000e0000000, 0x00000000fff80000, 0x0000000100000000)
  eden space 297984K, 0% used [0x00000000e0000000,0x00000000e0000000,0x00000000f2300000)
  from space 104960K, 56% used [0x00000000f2300000,0x00000000f5d43558,0x00000000f8980000)
  to   space 103424K, 0% used [0x00000000f9a80000,0x00000000f9a80000,0x00000000fff80000)
 ParOldGen       total 608256K, used 564008K [0x00000000a0000000, 0x00000000c5200000, 0x00000000e0000000)
  object space 608256K, 92% used [0x00000000a0000000,0x00000000c26ca028,0x00000000c5200000)
 Metaspace       used 703742K, capacity 730846K, committed 730992K, reserved 1699840K
  class space    used 76451K, capacity 81404K, committed 81520K, reserved 1048576K
}
Event: 10706.013 GC heap before
{Heap before GC invocations=124 (full 8):
 PSYoungGen      total 402944K, used 357487K [0x00000000e0000000, 0x00000000fff80000, 0x0000000100000000)
  eden space 297984K, 99% used [0x00000000e0000000,0x00000000f22d8960,0x00000000f2300000)
  from space 104960K, 56% used [0x00000000f2300000,0x00000000f5d43558,0x00000000f8980000)
  to   space 103424K, 0% used [0x00000000f9a80000,0x00000000f9a80000,0x00000000fff80000)
 ParOldGen       total 608256K, used 564008K [0x00000000a0000000, 0x00000000c5200000, 0x00000000e0000000)
  object space 608256K, 92% used [0x00000000a0000000,0x00000000c26ca028,0x00000000c5200000)
 Metaspace       used 710723K, capacity 738010K, committed 738288K, reserved 1705984K
  class space    used 77116K, capacity 82088K, committed 82160K, reserved 1048576K
Event: 10706.105 GC heap after
Heap after GC invocations=124 (full 8):
 PSYoungGen      total 414208K, used 59753K [0x00000000e0000000, 0x00000000ffa80000, 0x0000000100000000)
  eden space 315904K, 0% used [0x00000000e0000000,0x00000000e0000000,0x00000000f3480000)
  from space 98304K, 60% used [0x00000000f9a80000,0x00000000fd4da7f0,0x00000000ffa80000)
  to   space 101376K, 0% used [0x00000000f3480000,0x00000000f3480000,0x00000000f9780000)
 ParOldGen       total 608256K, used 564008K [0x00000000a0000000, 0x00000000c5200000, 0x00000000e0000000)
  object space 608256K, 92% used [0x00000000a0000000,0x00000000c26ca028,0x00000000c5200000)
 Metaspace       used 710723K, capacity 738010K, committed 738288K, reserved 1705984K
  class space    used 77116K, capacity 82088K, committed 82160K, reserved 1048576K
}
Event: 10711.490 GC heap before
{Heap before GC invocations=125 (full 8):
 PSYoungGen      total 414208K, used 375657K [0x00000000e0000000, 0x00000000ffa80000, 0x0000000100000000)
  eden space 315904K, 100% used [0x00000000e0000000,0x00000000f3480000,0x00000000f3480000)
  from space 98304K, 60% used [0x00000000f9a80000,0x00000000fd4da7f0,0x00000000ffa80000)
  to   space 101376K, 0% used [0x00000000f3480000,0x00000000f3480000,0x00000000f9780000)
 ParOldGen       total 608256K, used 564008K [0x00000000a0000000, 0x00000000c5200000, 0x00000000e0000000)
  object space 608256K, 92% used [0x00000000a0000000,0x00000000c26ca028,0x00000000c5200000)
 Metaspace       used 719521K, capacity 747186K, committed 747504K, reserved 1714176K
  class space    used 78090K, capacity 83114K, committed 83184K, reserved 1048576K
Event: 10711.570 GC heap after
Heap after GC invocations=125 (full 8):
 PSYoungGen      total 417280K, used 68038K [0x00000000e0000000, 0x0000000100000000, 0x0000000100000000)
  eden space 315904K, 0% used [0x00000000e0000000,0x00000000e0000000,0x00000000f3480000)
  from space 101376K, 67% used [0x00000000f3480000,0x00000000f76f1980,0x00000000f9780000)
  to   space 102912K, 0% used [0x00000000f9b80000,0x00000000f9b80000,0x0000000100000000)
 ParOldGen       total 608256K, used 564008K [0x00000000a0000000, 0x00000000c5200000, 0x00000000e0000000)
  object space 608256K, 92% used [0x00000000a0000000,0x00000000c26ca028,0x00000000c5200000)
 Metaspace       used 719521K, capacity 747186K, committed 747504K, reserved 1714176K
  class space    used 78090K, capacity 83114K, committed 83184K, reserved 1048576K
}
Event: 10718.647 GC heap before
{Heap before GC invocations=126 (full 8):
 PSYoungGen      total 417280K, used 383942K [0x00000000e0000000, 0x0000000100000000, 0x0000000100000000)
  eden space 315904K, 100% used [0x00000000e0000000,0x00000000f3480000,0x00000000f3480000)
  from space 101376K, 67% used [0x00000000f3480000,0x00000000f76f1980,0x00000000f9780000)
  to   space 102912K, 0% used [0x00000000f9b80000,0x00000000f9b80000,0x0000000100000000)
 ParOldGen       total 608256K, used 564008K [0x00000000a0000000, 0x00000000c5200000, 0x00000000e0000000)
  object space 608256K, 92% used [0x00000000a0000000,0x00000000c26ca028,0x00000000c5200000)
 Metaspace       used 728556K, capacity 756614K, committed 756976K, reserved 1722368K
  class space    used 79034K, capacity 84136K, committed 84208K, reserved 1048576K
Event: 10718.775 GC heap after
Heap after GC invocations=126 (full 8):
 PSYoungGen      total 415232K, used 75399K [0x00000000e0000000, 0x0000000100000000, 0x0000000100000000)
  eden space 312320K, 0% used [0x00000000e0000000,0x00000000e0000000,0x00000000f3100000)
  from space 102912K, 73% used [0x00000000f9b80000,0x00000000fe521ca8,0x0000000100000000)
  to   space 105984K, 0% used [0x00000000f3100000,0x00000000f3100000,0x00000000f9880000)
 ParOldGen       total 608256K, used 564008K [0x00000000a0000000, 0x00000000c5200000, 0x00000000e0000000)
  object space 608256K, 92% used [0x00000000a0000000,0x00000000c26ca028,0x00000000c5200000)
 Metaspace       used 728556K, capacity 756614K, committed 756976K, reserved 1722368K
  class space    used 79034K, capacity 84136K, committed 84208K, reserved 1048576K
}
Event: 10721.423 GC heap before
{Heap before GC invocations=127 (full 8):
 PSYoungGen      total 415232K, used 175907K [0x00000000e0000000, 0x0000000100000000, 0x0000000100000000)
  eden space 312320K, 32% used [0x00000000e0000000,0x00000000e62271e0,0x00000000f3100000)
  from space 102912K, 73% used [0x00000000f9b80000,0x00000000fe521ca8,0x0000000100000000)
  to   space 105984K, 0% used [0x00000000f3100000,0x00000000f3100000,0x00000000f9880000)
 ParOldGen       total 608256K, used 564008K [0x00000000a0000000, 0x00000000c5200000, 0x00000000e0000000)
  object space 608256K, 92% used [0x00000000a0000000,0x00000000c26ca028,0x00000000c5200000)
 Metaspace       used 733870K, capacity 762158K, committed 762352K, reserved 1726464K
  class space    used 79568K, capacity 84708K, committed 84720K, reserved 1048576K
Event: 10721.563 GC heap after
Heap after GC invocations=127 (full 8):
 PSYoungGen      total 385024K, used 72559K [0x00000000e0000000, 0x0000000100000000, 0x0000000100000000)
  eden space 312320K, 0% used [0x00000000e0000000,0x00000000e0000000,0x00000000f3100000)
  from space 72704K, 99% used [0x00000000f3100000,0x00000000f77dbf10,0x00000000f7800000)
  to   space 107520K, 0% used [0x00000000f9700000,0x00000000f9700000,0x0000000100000000)
 ParOldGen       total 608256K, used 564008K [0x00000000a0000000, 0x00000000c5200000, 0x00000000e0000000)
  object space 608256K, 92% used [0x00000000a0000000,0x00000000c26ca028,0x00000000c5200000)
 Metaspace       used 733870K, capacity 762158K, committed 762352K, reserved 1726464K
  class space    used 79568K, capacity 84708K, committed 84720K, reserved 1048576K
}
Event: 10721.577 GC heap before
{Heap before GC invocations=128 (full 9):
 PSYoungGen      total 385024K, used 72559K [0x00000000e0000000, 0x0000000100000000, 0x0000000100000000)
  eden space 312320K, 0% used [0x00000000e0000000,0x00000000e0000000,0x00000000f3100000)
  from space 72704K, 99% used [0x00000000f3100000,0x00000000f77dbf10,0x00000000f7800000)
  to   space 107520K, 0% used [0x00000000f9700000,0x00000000f9700000,0x0000000100000000)
 ParOldGen       total 608256K, used 564008K [0x00000000a0000000, 0x00000000c5200000, 0x00000000e0000000)
  object space 608256K, 92% used [0x00000000a0000000,0x00000000c26ca028,0x00000000c5200000)
 Metaspace       used 733870K, capacity 762158K, committed 762352K, reserved 1726464K
  class space    used 79568K, capacity 84708K, committed 84720K, reserved 1048576K

